Determining if the pthread_create exist failed with the following output:
Change Dir: /media/mapotoufu/DATA/Documents/00lesson/Universitaet/MI/Programiersprachen/Coorp/build/CMakeFiles/CMakeTmp

Run Build Command:"/usr/bin/make" "cmTC_43123/fast"
/usr/bin/make -f CMakeFiles/cmTC_43123.dir/build.make CMakeFiles/cmTC_43123.dir/build
make[1]: Entering directory '/media/mapotoufu/DATA/Documents/00lesson/Universitaet/MI/Programiersprachen/Coorp/build/CMakeFiles/CMakeTmp'
Building C object CMakeFiles/cmTC_43123.dir/CheckSymbolExists.c.o
/usr/bin/cc     -o CMakeFiles/cmTC_43123.dir/CheckSymbolExists.c.o   -c /media/mapotoufu/DATA/Documents/00lesson/Universitaet/MI/Programiersprachen/Coorp/build/CMakeFiles/CMakeTmp/CheckSymbolExists.c
Linking C executable cmTC_43123
/usr/bin/cmake -E cmake_link_script CMakeFiles/cmTC_43123.dir/link.txt --verbose=1
/usr/bin/cc       CMakeFiles/cmTC_43123.dir/CheckSymbolExists.c.o  -o cmTC_43123 -rdynamic 
CMakeFiles/cmTC_43123.dir/CheckSymbolExists.c.o: In function `main':
CheckSymbolExists.c:(.text+0x16): undefined reference to `pthread_create'
collect2: error: ld returned 1 exit status
CMakeFiles/cmTC_43123.dir/build.make:97: recipe for target 'cmTC_43123' failed
make[1]: *** [cmTC_43123] Error 1
make[1]: Leaving directory '/media/mapotoufu/DATA/Documents/00lesson/Universitaet/MI/Programiersprachen/Coorp/build/CMakeFiles/CMakeTmp'
Makefile:126: recipe for target 'cmTC_43123/fast' failed
make: *** [cmTC_43123/fast] Error 2

File /media/mapotoufu/DATA/Documents/00lesson/Universitaet/MI/Programiersprachen/Coorp/build/CMakeFiles/CMakeTmp/CheckSymbolExists.c:
/* */
#include <pthread.h>

int main(int argc, char** argv)
{
  (void)argv;
#ifndef pthread_create
  return ((int*)(&pthread_create))[argc];
#else
  (void)argc;
  return 0;
#endif
}

Determining if the function pthread_create exists in the pthreads failed with the following output:
Change Dir: /media/mapotoufu/DATA/Documents/00lesson/Universitaet/MI/Programiersprachen/Coorp/build/CMakeFiles/CMakeTmp

Run Build Command:"/usr/bin/make" "cmTC_7e02b/fast"
/usr/bin/make -f CMakeFiles/cmTC_7e02b.dir/build.make CMakeFiles/cmTC_7e02b.dir/build
make[1]: Entering directory '/media/mapotoufu/DATA/Documents/00lesson/Universitaet/MI/Programiersprachen/Coorp/build/CMakeFiles/CMakeTmp'
Building C object CMakeFiles/cmTC_7e02b.dir/CheckFunctionExists.c.o
/usr/bin/cc    -DCHECK_FUNCTION_EXISTS=pthread_create   -o CMakeFiles/cmTC_7e02b.dir/CheckFunctionExists.c.o   -c /usr/share/cmake-3.5/Modules/CheckFunctionExists.c
Linking C executable cmTC_7e02b
/usr/bin/cmake -E cmake_link_script CMakeFiles/cmTC_7e02b.dir/link.txt --verbose=1
/usr/bin/cc   -DCHECK_FUNCTION_EXISTS=pthread_create    CMakeFiles/cmTC_7e02b.dir/CheckFunctionExists.c.o  -o cmTC_7e02b -rdynamic -lpthreads 
/usr/bin/ld: cannot find -lpthreads
collect2: error: ld returned 1 exit status
CMakeFiles/cmTC_7e02b.dir/build.make:97: recipe for target 'cmTC_7e02b' failed
make[1]: *** [cmTC_7e02b] Error 1
make[1]: Leaving directory '/media/mapotoufu/DATA/Documents/00lesson/Universitaet/MI/Programiersprachen/Coorp/build/CMakeFiles/CMakeTmp'
Makefile:126: recipe for target 'cmTC_7e02b/fast' failed
make: *** [cmTC_7e02b/fast] Error 2


